› Building app...
Configuration on demand is an incubating feature.
> Task :gradle-plugin:settings-plugin:checkKotlinGradlePluginConfigurationErrors SKIPPED
> Task :expo-gradle-plugin:expo-autolinking-settings-plugin:checkKotlinGradlePluginConfigurationErrors SKIPPED
> Task :gradle-plugin:shared:checkKotlinGradlePluginConfigurationErrors SKIPPED
> Task :expo-gradle-plugin:expo-autolinking-plugin-shared:checkKotlinGradlePluginConfigurationErrors SKIPPED
> Task :gradle-plugin:settings-plugin:pluginDescriptors UP-TO-DATE
> Task :expo-gradle-plugin:expo-autolinking-settings-plugin:pluginDescriptors UP-TO-DATE
> Task :expo-gradle-plugin:expo-autolinking-settings-plugin:processResources UP-TO-DATE
> Task :gradle-plugin:settings-plugin:processResources UP-TO-DATE
> Task :expo-gradle-plugin:expo-autolinking-plugin-shared:compileKotlin UP-TO-DATE
> Task :gradle-plugin:shared:compileKotlin UP-TO-DATE
> Task :gradle-plugin:shared:compileJava NO-SOURCE
> Task :expo-gradle-plugin:expo-autolinking-plugin-shared:compileJava NO-SOURCE
> Task :gradle-plugin:shared:processResources NO-SOURCE
> Task :expo-gradle-plugin:expo-autolinking-plugin-shared:processResources NO-SOURCE
> Task :gradle-plugin:shared:classes UP-TO-DATE
> Task :expo-gradle-plugin:expo-autolinking-plugin-shared:classes UP-TO-DATE
> Task :gradle-plugin:shared:jar UP-TO-DATE
> Task :expo-gradle-plugin:expo-autolinking-plugin-shared:jar UP-TO-DATE
> Task :gradle-plugin:settings-plugin:compileKotlin UP-TO-DATE
> Task :gradle-plugin:settings-plugin:compileJava NO-SOURCE
> Task :gradle-plugin:settings-plugin:classes UP-TO-DATE
> Task :gradle-plugin:settings-plugin:jar UP-TO-DATE
> Task :expo-gradle-plugin:expo-autolinking-settings-plugin:compileKotlin UP-TO-DATE
> Task :expo-gradle-plugin:expo-autolinking-settings-plugin:compileJava NO-SOURCE
> Task :expo-gradle-plugin:expo-autolinking-settings-plugin:classes UP-TO-DATE
> Task :expo-gradle-plugin:expo-autolinking-settings-plugin:jar UP-TO-DATE
> Task :expo-gradle-plugin:expo-autolinking-plugin:checkKotlinGradlePluginConfigurationErrors SKIPPED
> Task :gradle-plugin:react-native-gradle-plugin:checkKotlinGradlePluginConfigurationErrors SKIPPED
> Task :expo-module-gradle-plugin:checkKotlinGradlePluginConfigurationErrors SKIPPED
> Task :expo-module-gradle-plugin:pluginDescriptors UP-TO-DATE
> Task :expo-module-gradle-plugin:processResources UP-TO-DATE
> Task :expo-gradle-plugin:expo-autolinking-plugin:compileKotlin UP-TO-DATE
> Task :gradle-plugin:react-native-gradle-plugin:compileKotlin UP-TO-DATE
> Task :expo-gradle-plugin:expo-autolinking-plugin:compileJava NO-SOURCE
> Task :gradle-plugin:react-native-gradle-plugin:compileJava NO-SOURCE
> Task :expo-gradle-plugin:expo-autolinking-plugin:pluginDescriptors UP-TO-DATE
> Task :gradle-plugin:react-native-gradle-plugin:pluginDescriptors UP-TO-DATE
> Task :expo-gradle-plugin:expo-autolinking-plugin:processResources UP-TO-DATE
> Task :expo-gradle-plugin:expo-autolinking-plugin:classes UP-TO-DATE
> Task :gradle-plugin:react-native-gradle-plugin:processResources UP-TO-DATE
> Task :gradle-plugin:react-native-gradle-plugin:classes UP-TO-DATE
> Task :expo-gradle-plugin:expo-autolinking-plugin:jar UP-TO-DATE
> Task :gradle-plugin:react-native-gradle-plugin:jar UP-TO-DATE
> Task :expo-module-gradle-plugin:compileKotlin UP-TO-DATE
> Task :expo-module-gradle-plugin:compileJava NO-SOURCE
> Task :expo-module-gradle-plugin:classes UP-TO-DATE
> Task :expo-module-gradle-plugin:jar UP-TO-DATE

> Configure project :
[32m[ExpoRootProject][0m Using the following versions:
  - buildTools:  [32m36.0.0[0m
  - minSdk:      [32m24[0m
  - compileSdk:  [32m36[0m
  - targetSdk:   [32m36[0m
  - ndk:         [32m27.1.12297006[0m
  - kotlin:      [32m2.1.20[0m
  - ksp:         [32m2.1.20-2.0.1[0m

> Configure project :expo

Using expo modules
  - [32mexpo-constants[0m (18.0.12)
  - [32mexpo-modules-core[0m (3.0.29)
  - [33m[📦][0m [32mexpo-asset[0m (12.0.11)
  - [33m[📦][0m [32mexpo-file-system[0m (19.0.21)
  - [33m[📦][0m [32mexpo-font[0m (14.0.10)
  - [33m[📦][0m [32mexpo-haptics[0m (15.0.8)
  - [33m[📦][0m [32mexpo-image[0m (3.0.11)
  - [33m[📦][0m [32mexpo-keep-awake[0m (15.0.8)
  - [33m[📦][0m [32mexpo-linking[0m (8.0.10)
  - [33m[📦][0m [32mexpo-splash-screen[0m (31.0.12)
  - [33m[📦][0m [32mexpo-system-ui[0m (6.0.9)
  - [33m[📦][0m [32mexpo-web-browser[0m (15.0.10)


> Task :expo-modules-core:preBuild UP-TO-DATE
> Task :react-native-bluetooth-escpos-printer:preBuild UP-TO-DATE
> Task :expo-modules-core:preDebugBuild UP-TO-DATE
> Task :expo:generatePackagesList UP-TO-DATE
> Task :react-native-bluetooth-escpos-printer:preDebugBuild UP-TO-DATE
> Task :expo:preBuild UP-TO-DATE
> Task :app:generateAutolinkingNewArchitectureFiles UP-TO-DATE
> Task :react-native-safe-area-context:generateCodegenSchemaFromJavaScript UP-TO-DATE
> Task :expo-modules-core:writeDebugAarMetadata UP-TO-DATE
> Task :expo:preDebugBuild UP-TO-DATE
> Task :react-native-gesture-handler:generateCodegenSchemaFromJavaScript UP-TO-DATE
> Task :react-native-bluetooth-escpos-printer:writeDebugAarMetadata UP-TO-DATE
> Task :react-native-screens:generateCodegenSchemaFromJavaScript UP-TO-DATE
> Task :expo-modules-core:generateDebugResValues UP-TO-DATE
> Task :expo:writeDebugAarMetadata UP-TO-DATE
> Task :app:generateAutolinkingPackageList UP-TO-DATE
> Task :app:generateCodegenSchemaFromJavaScript SKIPPED
> Task :react-native-bluetooth-escpos-printer:generateDebugResValues UP-TO-DATE
> Task :expo-modules-core:generateDebugResources UP-TO-DATE
> Task :expo:generateDebugResValues UP-TO-DATE
> Task :expo:generateDebugResources UP-TO-DATE
> Task :react-native-gesture-handler:generateCodegenArtifactsFromSchema UP-TO-DATE
> Task :react-native-gesture-handler:preBuild UP-TO-DATE
> Task :app:generateCodegenArtifactsFromSchema SKIPPED
> Task :react-native-bluetooth-escpos-printer:generateDebugResources UP-TO-DATE
> Task :react-native-screens:generateCodegenArtifactsFromSchema UP-TO-DATE
> Task :react-native-gesture-handler:preDebugBuild UP-TO-DATE
> Task :react-native-screens:preBuild UP-TO-DATE
> Task :react-native-screens:preDebugBuild UP-TO-DATE
> Task :react-native-safe-area-context:generateCodegenArtifactsFromSchema UP-TO-DATE
> Task :app:generateReactNativeEntryPoint UP-TO-DATE
> Task :react-native-gesture-handler:writeDebugAarMetadata UP-TO-DATE
> Task :expo:packageDebugResources UP-TO-DATE
> Task :react-native-screens:writeDebugAarMetadata UP-TO-DATE
> Task :app:preBuild UP-TO-DATE
> Task :react-native-safe-area-context:preBuild UP-TO-DATE
> Task :expo-modules-core:packageDebugResources UP-TO-DATE
> Task :app:preDebugBuild UP-TO-DATE
> Task :react-native-safe-area-context:preDebugBuild UP-TO-DATE
> Task :react-native-bluetooth-escpos-printer:packageDebugResources UP-TO-DATE
> Task :react-native-screens:generateDebugResValues UP-TO-DATE
> Task :react-native-safe-area-context:writeDebugAarMetadata UP-TO-DATE
> Task :app:mergeDebugNativeDebugMetadata NO-SOURCE
> Task :expo:extractDeepLinksDebug UP-TO-DATE
> Task :app:checkKotlinGradlePluginConfigurationErrors SKIPPED
> Task :react-native-gesture-handler:generateDebugResValues UP-TO-DATE
> Task :expo-modules-core:extractDeepLinksDebug UP-TO-DATE
> Task :app:generateDebugBuildConfig UP-TO-DATE
> Task :react-native-safe-area-context:generateDebugResValues UP-TO-DATE
> Task :react-native-bluetooth-escpos-printer:extractDeepLinksDebug UP-TO-DATE
> Task :react-native-gesture-handler:generateDebugResources UP-TO-DATE
> Task :app:generateDebugResValues UP-TO-DATE
> Task :react-native-screens:generateDebugResources UP-TO-DATE
> Task :expo:processDebugManifest UP-TO-DATE
> Task :react-native-safe-area-context:generateDebugResources UP-TO-DATE
> Task :app:generateDebugResources UP-TO-DATE
> Task :react-native-gesture-handler:packageDebugResources UP-TO-DATE
> Task :expo-modules-core:processDebugManifest UP-TO-DATE
> Task :expo:compileDebugLibraryResources UP-TO-DATE
> Task :react-native-bluetooth-escpos-printer:processDebugManifest UP-TO-DATE
> Task :react-native-gesture-handler:extractDeepLinksDebug UP-TO-DATE
> Task :expo-modules-core:compileDebugLibraryResources UP-TO-DATE
> Task :expo:parseDebugLocalResources UP-TO-DATE
> Task :react-native-bluetooth-escpos-printer:compileDebugLibraryResources UP-TO-DATE
> Task :expo-modules-core:parseDebugLocalResources UP-TO-DATE
> Task :react-native-screens:packageDebugResources UP-TO-DATE
> Task :app:packageDebugResources UP-TO-DATE
> Task :react-native-safe-area-context:packageDebugResources UP-TO-DATE
> Task :react-native-bluetooth-escpos-printer:parseDebugLocalResources UP-TO-DATE
> Task :react-native-gesture-handler:processDebugManifest UP-TO-DATE
> Task :expo-modules-core:generateDebugRFile UP-TO-DATE
> Task :expo:generateDebugRFile UP-TO-DATE
> Task :react-native-safe-area-context:extractDeepLinksDebug UP-TO-DATE
> Task :react-native-gesture-handler:compileDebugLibraryResources UP-TO-DATE
> Task :expo-modules-core:checkKotlinGradlePluginConfigurationErrors SKIPPED
> Task :expo:checkKotlinGradlePluginConfigurationErrors SKIPPED
> Task :app:parseDebugLocalResources UP-TO-DATE
> Task :react-native-screens:extractDeepLinksDebug UP-TO-DATE
> Task :expo-modules-core:generateDebugBuildConfig UP-TO-DATE
> Task :react-native-gesture-handler:parseDebugLocalResources UP-TO-DATE
> Task :react-native-bluetooth-escpos-printer:generateDebugRFile UP-TO-DATE
> Task :expo:generateDebugBuildConfig UP-TO-DATE
> Task :react-native-safe-area-context:processDebugManifest UP-TO-DATE
> Task :react-native-screens:processDebugManifest UP-TO-DATE
> Task :app:createDebugCompatibleScreenManifests UP-TO-DATE
> Task :react-native-bluetooth-escpos-printer:generateDebugBuildConfig UP-TO-DATE
> Task :react-native-gesture-handler:generateDebugRFile UP-TO-DATE
> Task :expo:javaPreCompileDebug UP-TO-DATE
> Task :react-native-gesture-handler:checkKotlinGradlePluginConfigurationErrors SKIPPED
> Task :app:extractDeepLinksDebug UP-TO-DATE
> Task :react-native-bluetooth-escpos-printer:javaPreCompileDebug UP-TO-DATE
> Task :react-native-safe-area-context:compileDebugLibraryResources UP-TO-DATE
> Task :react-native-gesture-handler:generateDebugBuildConfig UP-TO-DATE
> Task :react-native-safe-area-context:parseDebugLocalResources UP-TO-DATE
> Task :expo:mergeDebugShaders UP-TO-DATE
> Task :react-native-gesture-handler:javaPreCompileDebug UP-TO-DATE
> Task :react-native-screens:compileDebugLibraryResources UP-TO-DATE
> Task :app:javaPreCompileDebug UP-TO-DATE
> Task :expo:compileDebugShaders NO-SOURCE
> Task :expo:generateDebugAssets UP-TO-DATE
> Task :react-native-screens:parseDebugLocalResources UP-TO-DATE
> Task :react-native-gesture-handler:mergeDebugShaders UP-TO-DATE
> Task :react-native-safe-area-context:generateDebugRFile UP-TO-DATE
> Task :react-native-safe-area-context:checkKotlinGradlePluginConfigurationErrors SKIPPED
> Task :react-native-gesture-handler:compileDebugShaders NO-SOURCE
> Task :react-native-gesture-handler:generateDebugAssets UP-TO-DATE
> Task :expo:mergeDebugAssets UP-TO-DATE
> Task :react-native-gesture-handler:mergeDebugAssets UP-TO-DATE
> Task :expo:mergeDebugJniLibFolders UP-TO-DATE
> Task :react-native-screens:generateDebugRFile UP-TO-DATE
> Task :expo:mergeDebugNativeLibs NO-SOURCE
> Task :react-native-safe-area-context:generateDebugBuildConfig UP-TO-DATE
> Task :react-native-screens:checkKotlinGradlePluginConfigurationErrors SKIPPED
> Task :react-native-gesture-handler:mergeDebugJniLibFolders UP-TO-DATE
> Task :expo:copyDebugJniLibsProjectOnly UP-TO-DATE
> Task :react-native-screens:generateDebugBuildConfig UP-TO-DATE
> Task :app:mergeDebugShaders
> Task :app:compileDebugShaders NO-SOURCE
> Task :app:generateDebugAssets UP-TO-DATE
> Task :app:desugarDebugFileDependencies
> Task :react-native-safe-area-context:compileDebugKotlin UP-TO-DATE
> Task :react-native-safe-area-context:javaPreCompileDebug UP-TO-DATE
> Task :react-native-reanimated:assertMinimalReactNativeVersionTask
> Task :react-native-reanimated:assertNewArchitectureEnabledTask SKIPPED
> Task :react-native-worklets:assertMinimalReactNativeVersionTask
> Task :react-native-worklets:assertNewArchitectureEnabledTask SKIPPED
> Task :react-native-worklets:generateCodegenSchemaFromJavaScript UP-TO-DATE
> Task :react-native-worklets:generateCodegenArtifactsFromSchema UP-TO-DATE
> Task :react-native-worklets:prepareWorkletsHeadersForPrefabs UP-TO-DATE
> Task :react-native-worklets:preBuild
> Task :react-native-worklets:preDebugBuild
> Task :react-native-worklets:writeDebugAarMetadata UP-TO-DATE
> Task :react-native-worklets:generateDebugResValues UP-TO-DATE
> Task :react-native-reanimated:assertWorkletsVersionTask
> Task :react-native-reanimated:generateCodegenSchemaFromJavaScript UP-TO-DATE
> Task :react-native-worklets:generateDebugResources UP-TO-DATE
> Task :react-native-worklets:packageDebugResources UP-TO-DATE
> Task :react-native-worklets:extractDeepLinksDebug UP-TO-DATE
> Task :expo-constants:createExpoConfig
> Task :expo-constants:preBuild
> Task :react-native-worklets:processDebugManifest UP-TO-DATE
> Task :expo-constants:preDebugBuild
> Task :expo-constants:writeDebugAarMetadata UP-TO-DATE
> Task :expo-constants:generateDebugResValues UP-TO-DATE
> Task :react-native-worklets:compileDebugLibraryResources UP-TO-DATE
> Task :expo-constants:generateDebugResources UP-TO-DATE
> Task :react-native-worklets:parseDebugLocalResources UP-TO-DATE
> Task :react-native-worklets:generateDebugRFile UP-TO-DATE
> Task :react-native-reanimated:generateCodegenArtifactsFromSchema UP-TO-DATE
> Task :react-native-worklets:generateDebugBuildConfig UP-TO-DATE
> Task :react-native-worklets:javaPreCompileDebug UP-TO-DATE
> Task :expo-constants:packageDebugResources UP-TO-DATE
> Task :expo-constants:extractDeepLinksDebug UP-TO-DATE
> Task :expo-constants:processDebugManifest UP-TO-DATE
> Task :expo-constants:compileDebugLibraryResources UP-TO-DATE
> Task :react-native-reanimated:prepareReanimatedHeadersForPrefabs UP-TO-DATE
> Task :react-native-reanimated:preBuild
> Task :react-native-reanimated:preDebugBuild
> Task :react-native-reanimated:writeDebugAarMetadata UP-TO-DATE
> Task :expo-constants:parseDebugLocalResources UP-TO-DATE
> Task :react-native-reanimated:generateDebugResValues UP-TO-DATE
> Task :expo-constants:generateDebugRFile UP-TO-DATE
> Task :expo-constants:checkKotlinGradlePluginConfigurationErrors SKIPPED
> Task :react-native-reanimated:generateDebugResources UP-TO-DATE
> Task :expo-constants:generateDebugBuildConfig UP-TO-DATE
> Task :react-native-reanimated:packageDebugResources UP-TO-DATE
> Task :expo-constants:javaPreCompileDebug UP-TO-DATE
> Task :expo-constants:mergeDebugShaders UP-TO-DATE
> Task :react-native-reanimated:extractDeepLinksDebug UP-TO-DATE
> Task :expo-constants:compileDebugShaders NO-SOURCE
> Task :expo-constants:generateDebugAssets UP-TO-DATE
> Task :react-native-reanimated:processDebugManifest UP-TO-DATE
> Task :react-native-reanimated:compileDebugLibraryResources UP-TO-DATE
> Task :expo-constants:mergeDebugAssets UP-TO-DATE
> Task :react-native-reanimated:parseDebugLocalResources UP-TO-DATE
> Task :expo-constants:mergeDebugJniLibFolders UP-TO-DATE
> Task :react-native-reanimated:generateDebugRFile UP-TO-DATE
> Task :expo-constants:mergeDebugNativeLibs NO-SOURCE
> Task :expo-constants:copyDebugJniLibsProjectOnly UP-TO-DATE
> Task :react-native-reanimated:generateDebugBuildConfig UP-TO-DATE
> Task :react-native-reanimated:javaPreCompileDebug UP-TO-DATE
> Task :react-native-reanimated:mergeDebugShaders UP-TO-DATE
> Task :react-native-reanimated:compileDebugShaders NO-SOURCE
> Task :react-native-reanimated:generateDebugAssets UP-TO-DATE
> Task :react-native-reanimated:mergeDebugAssets UP-TO-DATE
> Task :react-native-reanimated:processDebugJavaRes NO-SOURCE
> Task :react-native-reanimated:mergeDebugJniLibFolders UP-TO-DATE
> Task :react-native-worklets:compileDebugJavaWithJavac UP-TO-DATE
> Task :react-native-screens:compileDebugKotlin UP-TO-DATE
> Task :react-native-screens:javaPreCompileDebug UP-TO-DATE
> Task :react-native-safe-area-context:compileDebugJavaWithJavac
> Task :react-native-worklets:mergeDebugShaders
> Task :expo-modules-core:compileDebugKotlin UP-TO-DATE
> Task :expo-modules-core:javaPreCompileDebug UP-TO-DATE
> Task :react-native-worklets:compileDebugShaders NO-SOURCE
> Task :react-native-worklets:generateDebugAssets UP-TO-DATE
> Task :react-native-safe-area-context:mergeDebugShaders UP-TO-DATE
> Task :react-native-safe-area-context:compileDebugShaders NO-SOURCE
> Task :react-native-safe-area-context:generateDebugAssets UP-TO-DATE
> Task :react-native-safe-area-context:mergeDebugAssets UP-TO-DATE
> Task :react-native-worklets:mergeDebugAssets
> Task :react-native-worklets:bundleLibCompileToJarDebug
> Task :react-native-worklets:bundleLibRuntimeToJarDebug
> Task :react-native-safe-area-context:bundleLibRuntimeToJarDebug
> Task :react-native-safe-area-context:bundleLibCompileToJarDebug
> Task :react-native-worklets:processDebugJavaRes NO-SOURCE
> Task :react-native-safe-area-context:processDebugJavaRes
> Task :react-native-worklets:bundleLibRuntimeToDirDebug
> Task :react-native-safe-area-context:mergeDebugJniLibFolders UP-TO-DATE
> Task :react-native-safe-area-context:mergeDebugNativeLibs NO-SOURCE
> Task :react-native-safe-area-context:copyDebugJniLibsProjectOnly UP-TO-DATE
> Task :react-native-safe-area-context:bundleLibRuntimeToDirDebug
> Task :app:checkDebugAarMetadata UP-TO-DATE
> Task :app:checkDebugDuplicateClasses

> Task :react-native-reanimated:compileDebugJavaWithJavac
Note: Some input files use or override a deprecated API.
Note: Recompile with -Xlint:deprecation for details.
Note: Some input files use unchecked or unsafe operations.
Note: Recompile with -Xlint:unchecked for details.

> Task :app:mapDebugSourceSetPaths
> Task :react-native-reanimated:bundleLibCompileToJarDebug
> Task :react-native-reanimated:bundleLibRuntimeToJarDebug

> Task :react-native-bluetooth-escpos-printer:compileDebugJavaWithJavac
Note: Some input files use or override a deprecated API.
Note: Recompile with -Xlint:deprecation for details.
Note: /Users/pampapathi/Developer/test_code/pigmy-collector/node_modules/react-native-bluetooth-escpos-printer/android/src/main/java/cn/jystudio/bluetooth/tsc/TscCommand.java uses unchecked or unsafe operations.
Note: Recompile with -Xlint:unchecked for details.

> Task :react-native-bluetooth-escpos-printer:bundleLibCompileToJarDebug
> Task :react-native-bluetooth-escpos-printer:mergeDebugShaders UP-TO-DATE
> Task :react-native-bluetooth-escpos-printer:compileDebugShaders NO-SOURCE
> Task :react-native-bluetooth-escpos-printer:generateDebugAssets UP-TO-DATE
> Task :react-native-bluetooth-escpos-printer:mergeDebugAssets UP-TO-DATE
> Task :react-native-bluetooth-escpos-printer:bundleLibRuntimeToJarDebug
> Task :react-native-bluetooth-escpos-printer:processDebugJavaRes NO-SOURCE
> Task :react-native-bluetooth-escpos-printer:bundleLibRuntimeToDirDebug
> Task :react-native-reanimated:bundleLibRuntimeToDirDebug
> Task :react-native-bluetooth-escpos-printer:mergeDebugJniLibFolders
> Task :react-native-bluetooth-escpos-printer:mergeDebugNativeLibs NO-SOURCE
> Task :react-native-bluetooth-escpos-printer:copyDebugJniLibsProjectOnly
> Task :react-native-worklets:configureCMakeDebug[arm64-v8a]
> Task :react-native-screens:compileDebugJavaWithJavac
> Task :react-native-screens:mergeDebugShaders UP-TO-DATE
> Task :react-native-screens:compileDebugShaders NO-SOURCE
> Task :react-native-screens:generateDebugAssets UP-TO-DATE
> Task :react-native-screens:mergeDebugAssets UP-TO-DATE
> Task :react-native-screens:bundleLibCompileToJarDebug

> Task :expo-modules-core:compileDebugJavaWithJavac
Note: Some input files use or override a deprecated API.
Note: Recompile with -Xlint:deprecation for details.

> Task :react-native-screens:bundleLibRuntimeToJarDebug
> Task :react-native-screens:processDebugJavaRes
> Task :react-native-screens:configureCMakeDebug[arm64-v8a]
> Task :react-native-worklets:configureCMakeDebug[armeabi-v7a]
> Task :react-native-worklets:generateJsonModelDebug
> Task :react-native-worklets:prefabDebugConfigurePackage
> Task :react-native-screens:bundleLibRuntimeToDirDebug
> Task :expo-modules-core:mergeDebugShaders UP-TO-DATE
> Task :expo-modules-core:compileDebugShaders NO-SOURCE
> Task :expo-modules-core:generateDebugAssets UP-TO-DATE
> Task :expo-modules-core:mergeDebugAssets UP-TO-DATE
> Task :expo-modules-core:processDebugJavaRes
> Task :expo-modules-core:bundleLibCompileToJarDebug
> Task :expo-modules-core:bundleLibRuntimeToJarDebug

> Task :app:processDebugMainManifest
/Users/pampapathi/Developer/test_code/pigmy-collector/android/app/src/debug/AndroidManifest.xml:6:5-162 Warning:
	application@android:usesCleartextTraffic was tagged at AndroidManifest.xml:6 to replace other declarations but no other declaration present
/Users/pampapathi/Developer/test_code/pigmy-collector/android/app/src/debug/AndroidManifest.xml Warning:
	provider#expo.modules.filesystem.FileSystemFileProvider@android:authorities was tagged at AndroidManifest.xml:0 to replace other declarations but no other declaration present

> Task :app:processDebugManifest
> Task :app:processDebugManifestForPackage
> Task :app:mergeDebugResources
> Task :expo-modules-core:configureCMakeDebug[arm64-v8a]

> Task :expo-constants:compileDebugKotlin
w: file:///Users/pampapathi/Developer/test_code/pigmy-collector/node_modules/expo-constants/android/src/main/java/expo/modules/constants/ConstantsModule.kt:12:5 'fun Constants(legacyConstantsProvider: () -> Map<String, Any?>): Unit' is deprecated. Use `Constant` or `Property` instead.

> Task :expo-modules-core:bundleLibRuntimeToDirDebug
> Task :app:mergeDebugAssets
> Task :expo-constants:compileDebugJavaWithJavac
> Task :expo-constants:bundleLibRuntimeToJarDebug
> Task :expo-constants:bundleLibCompileToJarDebug
> Task :expo-constants:processDebugJavaRes
> Task :expo-constants:bundleLibRuntimeToDirDebug

> Task :react-native-gesture-handler:compileDebugKotlin
w: file:///Users/pampapathi/Developer/test_code/pigmy-collector/node_modules/react-native-gesture-handler/android/src/main/java/com/swmansion/gesturehandler/react/RNGestureHandlerRootView.kt:41:43 The corresponding parameter in the supertype 'ReactViewGroup' is named 'ev'. This may cause problems when calling this function with named arguments.

> Task :react-native-screens:buildCMakeDebug[arm64-v8a]
> Task :app:compressDebugAssets
> Task :react-native-screens:configureCMakeDebug[armeabi-v7a]
> Task :react-native-worklets:buildCMakeDebug[arm64-v8a][worklets]
> Task :expo-modules-core:buildCMakeDebug[arm64-v8a]
> Task :react-native-screens:buildCMakeDebug[armeabi-v7a]
> Task :expo-modules-core:configureCMakeDebug[armeabi-v7a]
> Task :react-native-screens:mergeDebugJniLibFolders
> Task :react-native-reanimated:configureCMakeDebug[arm64-v8a]
> Task :app:processDebugResources
> Task :react-native-worklets:buildCMakeDebug[armeabi-v7a][worklets]
> Task :expo:compileDebugKotlin
> Task :expo-modules-core:buildCMakeDebug[armeabi-v7a]
> Task :react-native-worklets:externalNativeBuildDebug
> Task :react-native-screens:mergeDebugNativeLibs
> Task :react-native-screens:copyDebugJniLibsProjectOnly
> Task :expo-modules-core:mergeDebugJniLibFolders
> Task :react-native-worklets:prefabDebugPackage
> Task :react-native-worklets:mergeDebugJniLibFolders
> Task :expo-modules-core:mergeDebugNativeLibs
> Task :app:mergeExtDexDebug
> Task :react-native-gesture-handler:compileDebugJavaWithJavac
> Task :react-native-worklets:mergeDebugNativeLibs
> Task :react-native-gesture-handler:processDebugJavaRes
> Task :expo-modules-core:copyDebugJniLibsProjectOnly
> Task :react-native-gesture-handler:bundleLibRuntimeToJarDebug
> Task :react-native-gesture-handler:bundleLibCompileToJarDebug
> Task :react-native-gesture-handler:bundleLibRuntimeToDirDebug
> Task :react-native-worklets:copyDebugJniLibsProjectOnly

> Task :expo:compileDebugKotlin
w: file:///Users/pampapathi/Developer/test_code/pigmy-collector/node_modules/expo/android/src/main/java/expo/modules/ExpoModulesPackage.kt:34:16 This declaration overrides a deprecated member but is not marked as deprecated itself. Add the '@Deprecated' annotation or suppress the diagnostic.
w: file:///Users/pampapathi/Developer/test_code/pigmy-collector/node_modules/expo/android/src/main/java/expo/modules/ExpoReactHostFactory.kt:8:8 'class ReactNativeHost : Any' is deprecated. Deprecated in Java.
w: file:///Users/pampapathi/Developer/test_code/pigmy-collector/node_modules/expo/android/src/main/java/expo/modules/ExpoReactHostFactory.kt:80:22 'class ReactNativeHost : Any' is deprecated. Deprecated in Java.
w: file:///Users/pampapathi/Developer/test_code/pigmy-collector/node_modules/expo/android/src/main/java/expo/modules/ReactActivityDelegateWrapper.kt:24:8 'class ReactNativeHost : Any' is deprecated. Deprecated in Java.
w: file:///Users/pampapathi/Developer/test_code/pigmy-collector/node_modules/expo/android/src/main/java/expo/modules/ReactActivityDelegateWrapper.kt:58:33 'class ReactNativeHost : Any' is deprecated. Deprecated in Java.
w: file:///Users/pampapathi/Developer/test_code/pigmy-collector/node_modules/expo/android/src/main/java/expo/modules/ReactActivityDelegateWrapper.kt:105:16 This declaration overrides a deprecated member but is not marked as deprecated itself. Add the '@Deprecated' annotation or suppress the diagnostic.
w: file:///Users/pampapathi/Developer/test_code/pigmy-collector/node_modules/expo/android/src/main/java/expo/modules/ReactActivityDelegateWrapper.kt:105:38 'class ReactNativeHost : Any' is deprecated. Deprecated in Java.
w: file:///Users/pampapathi/Developer/test_code/pigmy-collector/node_modules/expo/android/src/main/java/expo/modules/ReactActivityDelegateWrapper.kt:113:16 This declaration overrides a deprecated member but is not marked as deprecated itself. Add the '@Deprecated' annotation or suppress the diagnostic.
w: file:///Users/pampapathi/Developer/test_code/pigmy-collector/node_modules/expo/android/src/main/java/expo/modules/ReactActivityDelegateWrapper.kt:114:21 'val reactInstanceManager: ReactInstanceManager' is deprecated. Deprecated in Java.
w: file:///Users/pampapathi/Developer/test_code/pigmy-collector/node_modules/expo/android/src/main/java/expo/modules/ReactActivityDelegateWrapper.kt:168:36 'constructor(activity: Activity, reactNativeHost: ReactNativeHost?, appKey: String?, launchOptions: Bundle?, fabricEnabled: Boolean): ReactDelegate' is deprecated. Deprecated since 0.81.0, use one of the other constructors instead.
w: file:///Users/pampapathi/Developer/test_code/pigmy-collector/node_modules/expo/android/src/main/java/expo/modules/ReactActivityDelegateWrapper.kt:279:77 'val reactInstanceManager: ReactInstanceManager' is deprecated. Deprecated in Java.
w: file:///Users/pampapathi/Developer/test_code/pigmy-collector/node_modules/expo/android/src/main/java/expo/modules/ReactActivityDelegateWrapper.kt:282:22 'val reactInstanceManager: ReactInstanceManager' is deprecated. Deprecated in Java.
w: file:///Users/pampapathi/Developer/test_code/pigmy-collector/node_modules/expo/android/src/main/java/expo/modules/ReactActivityDelegateWrapper.kt:286:54 'val reactInstanceManager: ReactInstanceManager' is deprecated. Deprecated in Java.
w: file:///Users/pampapathi/Developer/test_code/pigmy-collector/node_modules/expo/android/src/main/java/expo/modules/ReactNativeHostWrapper.kt:6:8 'class ReactNativeHost : Any' is deprecated. Deprecated in Java.
w: file:///Users/pampapathi/Developer/test_code/pigmy-collector/node_modules/expo/android/src/main/java/expo/modules/ReactNativeHostWrapper.kt:15:9 'class ReactNativeHost : Any' is deprecated. Deprecated in Java.
w: file:///Users/pampapathi/Developer/test_code/pigmy-collector/node_modules/expo/android/src/main/java/expo/modules/ReactNativeHostWrapper.kt:47:60 'class ReactNativeHost : Any' is deprecated. Deprecated in Java.
w: file:///Users/pampapathi/Developer/test_code/pigmy-collector/node_modules/expo/android/src/main/java/expo/modules/ReactNativeHostWrapperBase.kt:7:8 'class ReactNativeHost : Any' is deprecated. Deprecated in Java.
w: file:///Users/pampapathi/Developer/test_code/pigmy-collector/node_modules/expo/android/src/main/java/expo/modules/ReactNativeHostWrapperBase.kt:16:23 'class ReactNativeHost : Any' is deprecated. Deprecated in Java.
w: file:///Users/pampapathi/Developer/test_code/pigmy-collector/node_modules/expo/android/src/main/java/expo/modules/ReactNativeHostWrapperBase.kt:89:16 'class ReactNativeHost : Any' is deprecated. Deprecated in Java.
w: file:///Users/pampapathi/Developer/test_code/pigmy-collector/node_modules/expo/android/src/main/java/expo/modules/ReactNativeHostWrapperBase.kt:101:38 'class ReactNativeHost : Any' is deprecated. Deprecated in Java.
w: file:///Users/pampapathi/Developer/test_code/pigmy-collector/node_modules/expo/android/src/main/java/expo/modules/fetch/ExpoFetchModule.kt:30:39 'constructor(reactContext: ReactContext): ForwardingCookieHandler' is deprecated. Use the default constructor.
w: file:///Users/pampapathi/Developer/test_code/pigmy-collector/node_modules/expo/android/src/main/java/expo/modules/fetch/NativeResponse.kt:42:16 This declaration overrides a deprecated member but is not marked as deprecated itself. Add the '@Deprecated' annotation or suppress the diagnostic.
w: file:///Users/pampapathi/Developer/test_code/pigmy-collector/node_modules/expo/android/src/main/java/expo/modules/fetch/NativeResponse.kt:44:11 'fun deallocate(): Unit' is deprecated. Use sharedObjectDidRelease() instead.

> Task :expo:compileDebugJavaWithJavac
> Task :expo:bundleLibCompileToJarDebug
> Task :expo:processDebugJavaRes
> Task :expo:bundleLibRuntimeToJarDebug
> Task :expo:bundleLibRuntimeToDirDebug
> Task :react-native-reanimated:configureCMakeDebug[armeabi-v7a]
> Task :react-native-reanimated:generateJsonModelDebug
> Task :react-native-reanimated:prefabDebugConfigurePackage
> Task :app:mergeLibDexDebug

> Task :app:compileDebugKotlin
w: file:///Users/pampapathi/Developer/test_code/pigmy-collector/android/app/src/main/java/com/pampapathi/pigmycollector/MainApplication.kt:9:8 'class ReactNativeHost : Any' is deprecated. Deprecated in Java.
w: file:///Users/pampapathi/Developer/test_code/pigmy-collector/android/app/src/main/java/com/pampapathi/pigmycollector/MainApplication.kt:21:16 This declaration overrides a deprecated member but is not marked as deprecated itself. Add the '@Deprecated' annotation or suppress the diagnostic.
w: file:///Users/pampapathi/Developer/test_code/pigmy-collector/android/app/src/main/java/com/pampapathi/pigmycollector/MainApplication.kt:21:33 'class ReactNativeHost : Any' is deprecated. Deprecated in Java.

> Task :react-native-reanimated:buildCMakeDebug[arm64-v8a][reanimated]
> Task :react-native-gesture-handler:configureCMakeDebug[arm64-v8a]
> Task :app:configureCMakeDebug[arm64-v8a]
> Task :react-native-reanimated:buildCMakeDebug[armeabi-v7a][reanimated]
> Task :react-native-reanimated:externalNativeBuildDebug
> Task :react-native-reanimated:prefabDebugPackage
> Task :react-native-reanimated:mergeDebugNativeLibs
> Task :react-native-reanimated:copyDebugJniLibsProjectOnly
> Task :app:compileDebugJavaWithJavac
> Task :app:dexBuilderDebug
> Task :app:processDebugJavaRes
> Task :app:mergeDebugGlobalSynthetics
> Task :app:mergeProjectDexDebug
> Task :react-native-gesture-handler:buildCMakeDebug[arm64-v8a]
> Task :app:mergeDebugJavaResource
> Task :react-native-gesture-handler:configureCMakeDebug[armeabi-v7a]
> Task :react-native-gesture-handler:buildCMakeDebug[armeabi-v7a]
> Task :react-native-gesture-handler:mergeDebugNativeLibs
> Task :react-native-gesture-handler:copyDebugJniLibsProjectOnly
> Task :app:buildCMakeDebug[arm64-v8a]
> Task :app:configureCMakeDebug[armeabi-v7a]
> Task :app:buildCMakeDebug[armeabi-v7a]
> Task :app:mergeDebugJniLibFolders
> Task :app:validateSigningDebug
> Task :app:writeDebugAppMetadata
> Task :app:writeDebugSigningConfigVersions
> Task :app:mergeDebugNativeLibs
> Task :app:stripDebugDebugSymbols
> Task :app:packageDebug
> Task :app:createDebugApkListingFileRedirect
> Task :app:assembleDebug

[Incubating] Problems report is available at: file:///Users/pampapathi/Developer/test_code/pigmy-collector/android/build/reports/problems/problems-report.html

Deprecated Gradle features were used in this build, making it incompatible with Gradle 9.0.

You can use '--warning-mode all' to show the individual deprecation warnings and determine if they come from your own scripts or plugins.

For more on this, please refer to https://docs.gradle.org/8.14.3/userguide/command_line_interface.html#sec:command_line_warnings in the Gradle documentation.

BUILD SUCCESSFUL in 1m 56s
299 actionable tasks: 123 executed, 176 up-to-date
React Compiler enabled
Starting Metro Bundler
Waiting on http://localhost:8081
› Installing /Users/pampapathi/Developer/test_code/pigmy-collector/android/app/build/outputs/apk/debug/app-debug.apk
› Opening pigmycollector://expo-development-client/?url=http%3A%2F%2F192.168.1.4%3A8081 on CPH2401

› Logs for your project will appear below.
Android node_modules/expo-router/entry.js ▓▓▓▓▓▓▓▓▓▓▓▓▓░░░ 82.9% (833/915)
Android Bundled 3164ms node_modules/expo-router/entry.js (1084 modules)
 ERROR  Error scanning devices: [SyntaxError: JSON Parse error: Unexpected character: ,] 

Code: BluetoothPrinterService.ts
[0m [90m 90 |[39m     [36mtry[39m {
 [90m 91 |[39m       [36mconst[39m devices [33m=[39m [36mawait[39m [33mBluetoothManager[39m[33m.[39menableBluetooth()[33m;[39m
[31m[1m>[22m[39m[90m 92 |[39m       [36mconst[39m pairedDevices[33m:[39m any[] [33m=[39m [33mJSON[39m[33m.[39mparse(devices)[33m;[39m
 [90m    |[39m                                              [31m[1m^[22m[39m
 [90m 93 |[39m
 [90m 94 |[39m       [36mreturn[39m pairedDevices[33m.[39mmap((device) [33m=>[39m ({
 [90m 95 |[39m         name[33m:[39m device[33m.[39mname [33m||[39m [32m"Unknown Device"[39m[33m,[39m[0m
Call Stack
  scanPairedDevices (services/BluetoothPrinterService.ts:92:46)
 ERROR  Error scanning devices: [SyntaxError: JSON Parse error: Unexpected character: ,] 

Code: BluetoothPrinterService.ts
[0m [90m 90 |[39m     [36mtry[39m {
 [90m 91 |[39m       [36mconst[39m devices [33m=[39m [36mawait[39m [33mBluetoothManager[39m[33m.[39menableBluetooth()[33m;[39m
[31m[1m>[22m[39m[90m 92 |[39m       [36mconst[39m pairedDevices[33m:[39m any[] [33m=[39m [33mJSON[39m[33m.[39mparse(devices)[33m;[39m
 [90m    |[39m                                              [31m[1m^[22m[39m
 [90m 93 |[39m
 [90m 94 |[39m       [36mreturn[39m pairedDevices[33m.[39mmap((device) [33m=>[39m ({
 [90m 95 |[39m         name[33m:[39m device[33m.[39mname [33m||[39m [32m"Unknown Device"[39m[33m,[39m[0m
Call Stack
  scanPairedDevices (services/BluetoothPrinterService.ts:92:46)
 ERROR  Error scanning devices: [TypeError: _reactNativeBluetoothEscposPrinter.BluetoothManager.list is not a function (it is undefined)] 

Code: BluetoothPrinterService.ts
[0m [90m 93 |[39m
 [90m 94 |[39m       [90m// Get list of paired devices[39m
[31m[1m>[22m[39m[90m 95 |[39m       [36mconst[39m pairedDevicesArray [33m=[39m [36mawait[39m [33mBluetoothManager[39m[33m.[39mlist()[33m;[39m
 [90m    |[39m                                                             [31m[1m^[22m[39m
 [90m 96 |[39m
 [90m 97 |[39m       [90m// The list() method returns an array directly, no need to parse JSON[39m
 [90m 98 |[39m       [36mreturn[39m pairedDevicesArray[33m.[39mmap((device[33m:[39m any) [33m=>[39m ({[0m
Call Stack
  scanPairedDevices (services/BluetoothPrinterService.ts:95:61)
Android node_modules/expo-router/entry.js ░░░░░░░░░░░░░░░░  0.0% (0/1)
Android Bundled 44ms node_modules/expo-router/entry.js (1 module)
 ERROR  Error scanning devices: [TypeError: _reactNativeBluetoothEscposPrinter.BluetoothManager.list is not a function (it is undefined)] 

Code: BluetoothPrinterService.ts
[0m [90m 93 |[39m
 [90m 94 |[39m       [90m// Get list of paired devices[39m
[31m[1m>[22m[39m[90m 95 |[39m       [36mconst[39m pairedDevicesArray [33m=[39m [36mawait[39m [33mBluetoothManager[39m[33m.[39mlist()[33m;[39m
 [90m    |[39m                                                             [31m[1m^[22m[39m
 [90m 96 |[39m
 [90m 97 |[39m       [90m// The list() method returns an array directly, no need to parse JSON[39m
 [90m 98 |[39m       [36mreturn[39m pairedDevicesArray[33m.[39mmap((device[33m:[39m any) [33m=>[39m ({[0m
Call Stack
  scanPairedDevices (services/BluetoothPrinterService.ts:95:61)
 ERROR  Error scanning devices: [TypeError: _reactNativeBluetoothEscposPrinter.BluetoothManager.list is not a function (it is undefined)] 

Code: BluetoothPrinterService.ts
[0m [90m 93 |[39m
 [90m 94 |[39m       [90m// Get list of paired devices[39m
[31m[1m>[22m[39m[90m 95 |[39m       [36mconst[39m pairedDevicesArray [33m=[39m [36mawait[39m [33mBluetoothManager[39m[33m.[39mlist()[33m;[39m
 [90m    |[39m                                                             [31m[1m^[22m[39m
 [90m 96 |[39m
 [90m 97 |[39m       [90m// The list() method returns an array directly, no need to parse JSON[39m
 [90m 98 |[39m       [36mreturn[39m pairedDevicesArray[33m.[39mmap((device[33m:[39m any) [33m=>[39m ({[0m
Call Stack
  scanPairedDevices (services/BluetoothPrinterService.ts:95:61)
 ERROR  Each child in a list should have a unique "key" prop.%s%s See https://react.dev/link/warning-keys for more information. 

Check the render method of `ScrollView`.  It was passed a child from VirtualizedList. 

Code: printer.tsx
[0m [90m 184 |[39m           ) [33m:[39m (
 [90m 185 |[39m             [33m<[39m[33mText[39m style[33m=[39m{styles[33m.[39mscanButtonText}[33m>[39m[33mScan[39m [36mfor[39m [33mDevices[39m[33m<[39m[33m/[39m[33mText[39m[33m>[39m
[31m[1m>[22m[39m[90m 186 |[39m           )}
 [90m     |[39m            [31m[1m^[22m[39m
 [90m 187 |[39m         [33m<[39m[33m/[39m[33mTouchableOpacity[39m[33m>[39m
 [90m 188 |[39m
 [90m 189 |[39m         {availableDevices[33m.[39mlength [33m>[39m [35m0[39m [33m?[39m ([0m
Call Stack
  PrinterScreen (app/printer.tsx:186:12)
  RootLayout (app/_layout.tsx:7:7)
Android node_modules/expo-router/entry.js ░░░░░░░░░░░░░░░░  0.0% (0/1)
Android Bundled 51ms node_modules/expo-router/entry.js (1 module)
 ERROR  Each child in a list should have a unique "key" prop.%s%s See https://react.dev/link/warning-keys for more information. 

Check the render method of `ScrollView`.  It was passed a child from VirtualizedList. 

Code: printer.tsx
[0m [90m 187 |[39m         [33m<[39m[33m/[39m[33mTouchableOpacity[39m[33m>[39m
 [90m 188 |[39m
[31m[1m>[22m[39m[90m 189 |[39m         {availableDevices[33m.[39mlength [33m>[39m [35m0[39m [33m?[39m (
 [90m     |[39m          [31m[1m^[22m[39m
 [90m 190 |[39m           [33m<[39m[33mFlatList[39m
 [90m 191 |[39m             data[33m=[39m{availableDevices}
 [90m 192 |[39m             renderItem[33m=[39m{renderDeviceItem}[0m
Call Stack
  PrinterScreen (app/printer.tsx:189:10)
  RootLayout (app/_layout.tsx:7:7)
 ERROR  Connection error: [Error: Exception in HostFunction: null is not a valid Bluetooth address] Error: Exception in HostFunction: null is not a valid Bluetooth address
 ERROR  Connection error: [Error: Exception in HostFunction: null is not a valid Bluetooth address] Error: Exception in HostFunction: null is not a valid Bluetooth address
Android node_modules/expo-router/entry.js ░░░░░░░░░░░░░░░░  0.0% (0/1)
Android Bundled 32ms node_modules/expo-router/entry.js (1 module)
 LOG  Paired devices raw data: [
  "{\"name\":\"WH-CH720N\",\"address\":\"84:D3:52:B5:E9:3C\"}",
  "{\"name\":\"JBL Go 3\",\"address\":\"F8:5C:7D:BB:B3:EA\"}",
  "{\"address\":\"59:79:46:C1:56:28\"}",
  "{\"name\":\"SR588\",\"address\":\"02:BA:1F:13:61:B0\"}",
  "{\"name\":\"ConnectNext\",\"address\":\"38:45:54:A4:AD:0A\"}",
  "{\"name\":\"OnePlus Buds 4\",\"address\":\"00:A4:1C:39:82:85\"}"
]
 LOG  Device parsed: {"address": undefined, "name": undefined, "raw": "{\"name\":\"WH-CH720N\",\"address\":\"84:D3:52:B5:E9:3C\"}"}
 LOG  Device parsed: {"address": undefined, "name": undefined, "raw": "{\"name\":\"JBL Go 3\",\"address\":\"F8:5C:7D:BB:B3:EA\"}"}
 LOG  Device parsed: {"address": undefined, "name": undefined, "raw": "{\"address\":\"59:79:46:C1:56:28\"}"}
 LOG  Device parsed: {"address": undefined, "name": undefined, "raw": "{\"name\":\"SR588\",\"address\":\"02:BA:1F:13:61:B0\"}"}
 LOG  Device parsed: {"address": undefined, "name": undefined, "raw": "{\"name\":\"ConnectNext\",\"address\":\"38:45:54:A4:AD:0A\"}"}
 LOG  Device parsed: {"address": undefined, "name": undefined, "raw": "{\"name\":\"OnePlus Buds 4\",\"address\":\"00:A4:1C:39:82:85\"}"}
 ERROR  Encountered two children with the same key, `%s`. Keys should be unique so that components maintain their identity across updates. Non-unique keys may cause children to be duplicated and/or omitted — the behavior is unsupported and could change in a future version. .$ 

Code: printer.tsx
[0m [90m 187 |[39m         [33m<[39m[33m/[39m[33mTouchableOpacity[39m[33m>[39m
 [90m 188 |[39m
[31m[1m>[22m[39m[90m 189 |[39m         {availableDevices[33m.[39mlength [33m>[39m [35m0[39m [33m?[39m (
 [90m     |[39m          [31m[1m^[22m[39m
 [90m 190 |[39m           [33m<[39m[33mFlatList[39m
 [90m 191 |[39m             data[33m=[39m{availableDevices}
 [90m 192 |[39m             renderItem[33m=[39m{renderDeviceItem}[0m
Call Stack
  PrinterScreen (app/printer.tsx:189:10)
  RootLayout (app/_layout.tsx:7:7)
 ERROR  Encountered two children with the same key, `%s`. Keys should be unique so that components maintain their identity across updates. Non-unique keys may cause children to be duplicated and/or omitted — the behavior is unsupported and could change in a future version. .$ 

Code: printer.tsx
[0m [90m 187 |[39m         [33m<[39m[33m/[39m[33mTouchableOpacity[39m[33m>[39m
 [90m 188 |[39m
[31m[1m>[22m[39m[90m 189 |[39m         {availableDevices[33m.[39mlength [33m>[39m [35m0[39m [33m?[39m (
 [90m     |[39m          [31m[1m^[22m[39m
 [90m 190 |[39m           [33m<[39m[33mFlatList[39m
 [90m 191 |[39m             data[33m=[39m{availableDevices}
 [90m 192 |[39m             renderItem[33m=[39m{renderDeviceItem}[0m
Call Stack
  PrinterScreen (app/printer.tsx:189:10)
  RootLayout (app/_layout.tsx:7:7)
 ERROR  Encountered two children with the same key, `%s`. Keys should be unique so that components maintain their identity across updates. Non-unique keys may cause children to be duplicated and/or omitted — the behavior is unsupported and could change in a future version. .$ 

Code: printer.tsx
[0m [90m 187 |[39m         [33m<[39m[33m/[39m[33mTouchableOpacity[39m[33m>[39m
 [90m 188 |[39m
[31m[1m>[22m[39m[90m 189 |[39m         {availableDevices[33m.[39mlength [33m>[39m [35m0[39m [33m?[39m (
 [90m     |[39m          [31m[1m^[22m[39m
 [90m 190 |[39m           [33m<[39m[33mFlatList[39m
 [90m 191 |[39m             data[33m=[39m{availableDevices}
 [90m 192 |[39m             renderItem[33m=[39m{renderDeviceItem}[0m
Call Stack
  PrinterScreen (app/printer.tsx:189:10)
  RootLayout (app/_layout.tsx:7:7)
 ERROR  Encountered two children with the same key, `%s`. Keys should be unique so that components maintain their identity across updates. Non-unique keys may cause children to be duplicated and/or omitted — the behavior is unsupported and could change in a future version. .$ 

Code: printer.tsx
[0m [90m 187 |[39m         [33m<[39m[33m/[39m[33mTouchableOpacity[39m[33m>[39m
 [90m 188 |[39m
[31m[1m>[22m[39m[90m 189 |[39m         {availableDevices[33m.[39mlength [33m>[39m [35m0[39m [33m?[39m (
 [90m     |[39m          [31m[1m^[22m[39m
 [90m 190 |[39m           [33m<[39m[33mFlatList[39m
 [90m 191 |[39m             data[33m=[39m{availableDevices}
 [90m 192 |[39m             renderItem[33m=[39m{renderDeviceItem}[0m
Call Stack
  PrinterScreen (app/printer.tsx:189:10)
  RootLayout (app/_layout.tsx:7:7)
 ERROR  Encountered two children with the same key, `%s`. Keys should be unique so that components maintain their identity across updates. Non-unique keys may cause children to be duplicated and/or omitted — the behavior is unsupported and could change in a future version. .$ 

Code: printer.tsx
[0m [90m 187 |[39m         [33m<[39m[33m/[39m[33mTouchableOpacity[39m[33m>[39m
 [90m 188 |[39m
[31m[1m>[22m[39m[90m 189 |[39m         {availableDevices[33m.[39mlength [33m>[39m [35m0[39m [33m?[39m (
 [90m     |[39m          [31m[1m^[22m[39m
 [90m 190 |[39m           [33m<[39m[33mFlatList[39m
 [90m 191 |[39m             data[33m=[39m{availableDevices}
 [90m 192 |[39m             renderItem[33m=[39m{renderDeviceItem}[0m
Call Stack
  PrinterScreen (app/printer.tsx:189:10)
  RootLayout (app/_layout.tsx:7:7)
 ERROR  Encountered two children with the same key, `%s`. Keys should be unique so that components maintain their identity across updates. Non-unique keys may cause children to be duplicated and/or omitted — the behavior is unsupported and could change in a future version. .$ 

Code: printer.tsx
[0m [90m 185 |[39m             [33m<[39m[33mText[39m style[33m=[39m{styles[33m.[39mscanButtonText}[33m>[39m[33mScan[39m [36mfor[39m [33mDevices[39m[33m<[39m[33m/[39m[33mText[39m[33m>[39m
 [90m 186 |[39m           )}
[31m[1m>[22m[39m[90m 187 |[39m         [33m<[39m[33m/[39m[33mTouchableOpacity[39m[33m>[39m
 [90m     |[39m                            [31m[1m^[22m[39m
 [90m 188 |[39m
 [90m 189 |[39m         {availableDevices[33m.[39mlength [33m>[39m [35m0[39m [33m?[39m (
 [90m 190 |[39m           [33m<[39m[33mFlatList[39m[0m
Call Stack
  PrinterScreen (app/printer.tsx:187:28)
  RootLayout (app/_layout.tsx:7:7)
 ERROR  Encountered two children with the same key, `%s`. Keys should be unique so that components maintain their identity across updates. Non-unique keys may cause children to be duplicated and/or omitted — the behavior is unsupported and could change in a future version. .$ 

Code: printer.tsx
[0m [90m 185 |[39m             [33m<[39m[33mText[39m style[33m=[39m{styles[33m.[39mscanButtonText}[33m>[39m[33mScan[39m [36mfor[39m [33mDevices[39m[33m<[39m[33m/[39m[33mText[39m[33m>[39m
 [90m 186 |[39m           )}
[31m[1m>[22m[39m[90m 187 |[39m         [33m<[39m[33m/[39m[33mTouchableOpacity[39m[33m>[39m
 [90m     |[39m                            [31m[1m^[22m[39m
 [90m 188 |[39m
 [90m 189 |[39m         {availableDevices[33m.[39mlength [33m>[39m [35m0[39m [33m?[39m (
 [90m 190 |[39m           [33m<[39m[33mFlatList[39m[0m
Call Stack
  PrinterScreen (app/printer.tsx:187:28)
  RootLayout (app/_layout.tsx:7:7)
 ERROR  Encountered two children with the same key, `%s`. Keys should be unique so that components maintain their identity across updates. Non-unique keys may cause children to be duplicated and/or omitted — the behavior is unsupported and could change in a future version. .$ 

Code: printer.tsx
[0m [90m 185 |[39m             [33m<[39m[33mText[39m style[33m=[39m{styles[33m.[39mscanButtonText}[33m>[39m[33mScan[39m [36mfor[39m [33mDevices[39m[33m<[39m[33m/[39m[33mText[39m[33m>[39m
 [90m 186 |[39m           )}
[31m[1m>[22m[39m[90m 187 |[39m         [33m<[39m[33m/[39m[33mTouchableOpacity[39m[33m>[39m
 [90m     |[39m                            [31m[1m^[22m[39m
 [90m 188 |[39m
 [90m 189 |[39m         {availableDevices[33m.[39mlength [33m>[39m [35m0[39m [33m?[39m (
 [90m 190 |[39m           [33m<[39m[33mFlatList[39m[0m
Call Stack
  PrinterScreen (app/printer.tsx:187:28)
  RootLayout (app/_layout.tsx:7:7)
 ERROR  Encountered two children with the same key, `%s`. Keys should be unique so that components maintain their identity across updates. Non-unique keys may cause children to be duplicated and/or omitted — the behavior is unsupported and could change in a future version. .$ 

Code: printer.tsx
[0m [90m 185 |[39m             [33m<[39m[33mText[39m style[33m=[39m{styles[33m.[39mscanButtonText}[33m>[39m[33mScan[39m [36mfor[39m [33mDevices[39m[33m<[39m[33m/[39m[33mText[39m[33m>[39m
 [90m 186 |[39m           )}
[31m[1m>[22m[39m[90m 187 |[39m         [33m<[39m[33m/[39m[33mTouchableOpacity[39m[33m>[39m
 [90m     |[39m                            [31m[1m^[22m[39m
 [90m 188 |[39m
 [90m 189 |[39m         {availableDevices[33m.[39mlength [33m>[39m [35m0[39m [33m?[39m (
 [90m 190 |[39m           [33m<[39m[33mFlatList[39m[0m
Call Stack
  PrinterScreen (app/printer.tsx:187:28)
  RootLayout (app/_layout.tsx:7:7)
 ERROR  Encountered two children with the same key, `%s`. Keys should be unique so that components maintain their identity across updates. Non-unique keys may cause children to be duplicated and/or omitted — the behavior is unsupported and could change in a future version. .$ 

Code: printer.tsx
[0m [90m 185 |[39m             [33m<[39m[33mText[39m style[33m=[39m{styles[33m.[39mscanButtonText}[33m>[39m[33mScan[39m [36mfor[39m [33mDevices[39m[33m<[39m[33m/[39m[33mText[39m[33m>[39m
 [90m 186 |[39m           )}
[31m[1m>[22m[39m[90m 187 |[39m         [33m<[39m[33m/[39m[33mTouchableOpacity[39m[33m>[39m
 [90m     |[39m                            [31m[1m^[22m[39m
 [90m 188 |[39m
 [90m 189 |[39m         {availableDevices[33m.[39mlength [33m>[39m [35m0[39m [33m?[39m (
 [90m 190 |[39m           [33m<[39m[33mFlatList[39m[0m
Call Stack
  PrinterScreen (app/printer.tsx:187:28)
  RootLayout (app/_layout.tsx:7:7)
 ERROR  Encountered two children with the same key, `%s`. Keys should be unique so that components maintain their identity across updates. Non-unique keys may cause children to be duplicated and/or omitted — the behavior is unsupported and could change in a future version. .$ 

Code: printer.tsx
[0m [90m 185 |[39m             [33m<[39m[33mText[39m style[33m=[39m{styles[33m.[39mscanButtonText}[33m>[39m[33mScan[39m [36mfor[39m [33mDevices[39m[33m<[39m[33m/[39m[33mText[39m[33m>[39m
 [90m 186 |[39m           )}
[31m[1m>[22m[39m[90m 187 |[39m         [33m<[39m[33m/[39m[33mTouchableOpacity[39m[33m>[39m
 [90m     |[39m                            [31m[1m^[22m[39m
 [90m 188 |[39m
 [90m 189 |[39m         {availableDevices[33m.[39mlength [33m>[39m [35m0[39m [33m?[39m (
 [90m 190 |[39m           [33m<[39m[33mFlatList[39m[0m
Call Stack
  PrinterScreen (app/printer.tsx:187:28)
  RootLayout (app/_layout.tsx:7:7)
 ERROR  Encountered two children with the same key, `%s`. Keys should be unique so that components maintain their identity across updates. Non-unique keys may cause children to be duplicated and/or omitted — the behavior is unsupported and could change in a future version. .$ 

Code: printer.tsx
[0m [90m 185 |[39m             [33m<[39m[33mText[39m style[33m=[39m{styles[33m.[39mscanButtonText}[33m>[39m[33mScan[39m [36mfor[39m [33mDevices[39m[33m<[39m[33m/[39m[33mText[39m[33m>[39m
 [90m 186 |[39m           )}
[31m[1m>[22m[39m[90m 187 |[39m         [33m<[39m[33m/[39m[33mTouchableOpacity[39m[33m>[39m
 [90m     |[39m                            [31m[1m^[22m[39m
 [90m 188 |[39m
 [90m 189 |[39m         {availableDevices[33m.[39mlength [33m>[39m [35m0[39m [33m?[39m (
 [90m 190 |[39m           [33m<[39m[33mFlatList[39m[0m
Call Stack
  PrinterScreen (app/printer.tsx:187:28)
  RootLayout (app/_layout.tsx:7:7)
 ERROR  Encountered two children with the same key, `%s`. Keys should be unique so that components maintain their identity across updates. Non-unique keys may cause children to be duplicated and/or omitted — the behavior is unsupported and could change in a future version. .$ 

Code: printer.tsx
[0m [90m 185 |[39m             [33m<[39m[33mText[39m style[33m=[39m{styles[33m.[39mscanButtonText}[33m>[39m[33mScan[39m [36mfor[39m [33mDevices[39m[33m<[39m[33m/[39m[33mText[39m[33m>[39m
 [90m 186 |[39m           )}
[31m[1m>[22m[39m[90m 187 |[39m         [33m<[39m[33m/[39m[33mTouchableOpacity[39m[33m>[39m
 [90m     |[39m                            [31m[1m^[22m[39m
 [90m 188 |[39m
 [90m 189 |[39m         {availableDevices[33m.[39mlength [33m>[39m [35m0[39m [33m?[39m (
 [90m 190 |[39m           [33m<[39m[33mFlatList[39m[0m
Call Stack
  PrinterScreen (app/printer.tsx:187:28)
  RootLayout (app/_layout.tsx:7:7)
 ERROR  Encountered two children with the same key, `%s`. Keys should be unique so that components maintain their identity across updates. Non-unique keys may cause children to be duplicated and/or omitted — the behavior is unsupported and could change in a future version. .$ 

Code: printer.tsx
[0m [90m 185 |[39m             [33m<[39m[33mText[39m style[33m=[39m{styles[33m.[39mscanButtonText}[33m>[39m[33mScan[39m [36mfor[39m [33mDevices[39m[33m<[39m[33m/[39m[33mText[39m[33m>[39m
 [90m 186 |[39m           )}
[31m[1m>[22m[39m[90m 187 |[39m         [33m<[39m[33m/[39m[33mTouchableOpacity[39m[33m>[39m
 [90m     |[39m                            [31m[1m^[22m[39m
 [90m 188 |[39m
 [90m 189 |[39m         {availableDevices[33m.[39mlength [33m>[39m [35m0[39m [33m?[39m (
 [90m 190 |[39m           [33m<[39m[33mFlatList[39m[0m
Call Stack
  PrinterScreen (app/printer.tsx:187:28)
  RootLayout (app/_layout.tsx:7:7)
 ERROR  Encountered two children with the same key, `%s`. Keys should be unique so that components maintain their identity across updates. Non-unique keys may cause children to be duplicated and/or omitted — the behavior is unsupported and could change in a future version. .$ 

Code: printer.tsx
[0m [90m 185 |[39m             [33m<[39m[33mText[39m style[33m=[39m{styles[33m.[39mscanButtonText}[33m>[39m[33mScan[39m [36mfor[39m [33mDevices[39m[33m<[39m[33m/[39m[33mText[39m[33m>[39m
 [90m 186 |[39m           )}
[31m[1m>[22m[39m[90m 187 |[39m         [33m<[39m[33m/[39m[33mTouchableOpacity[39m[33m>[39m
 [90m     |[39m                            [31m[1m^[22m[39m
 [90m 188 |[39m
 [90m 189 |[39m         {availableDevices[33m.[39mlength [33m>[39m [35m0[39m [33m?[39m (
 [90m 190 |[39m           [33m<[39m[33mFlatList[39m[0m
Call Stack
  PrinterScreen (app/printer.tsx:187:28)
  RootLayout (app/_layout.tsx:7:7)
 LOG  Paired devices raw data: [
  "{\"name\":\"WH-CH720N\",\"address\":\"84:D3:52:B5:E9:3C\"}",
  "{\"name\":\"JBL Go 3\",\"address\":\"F8:5C:7D:BB:B3:EA\"}",
  "{\"address\":\"59:79:46:C1:56:28\"}",
  "{\"name\":\"SR588\",\"address\":\"02:BA:1F:13:61:B0\"}",
  "{\"name\":\"ConnectNext\",\"address\":\"38:45:54:A4:AD:0A\"}",
  "{\"name\":\"OnePlus Buds 4\",\"address\":\"00:A4:1C:39:82:85\"}"
]
 LOG  Paper cut not supported
 LOG  Paper cut not supported
Android node_modules/expo-router/entry.js ░░░░░░░░░░░░░░░░  0.0% (0/1)
Android Bundled 54ms node_modules/expo-router/entry.js (1 module)
 LOG  Paired devices raw data: [
  "{\"name\":\"WH-CH720N\",\"address\":\"84:D3:52:B5:E9:3C\"}",
  "{\"name\":\"JBL Go 3\",\"address\":\"F8:5C:7D:BB:B3:EA\"}",
  "{\"address\":\"59:79:46:C1:56:28\"}",
  "{\"name\":\"SR588\",\"address\":\"02:BA:1F:13:61:B0\"}",
  "{\"name\":\"ConnectNext\",\"address\":\"38:45:54:A4:AD:0A\"}",
  "{\"name\":\"OnePlus Buds 4\",\"address\":\"00:A4:1C:39:82:85\"}"
]
 LOG  Paper cut not supported
 LOG  Paper cut not supported
